<?xml version="1.0" encoding="UTF-8"?>
<testsuite xmlns:xsi="http://www.w3.org/2001/XMLSchema-instance" xsi:noNamespaceSchemaLocation="https://maven.apache.org/surefire/maven-surefire-plugin/xsd/surefire-test-report-3.0.xsd" version="3.0" name="pack.TestDabClass" time="0.054" tests="3" errors="0" skipped="0" failures="0">
  <properties>
[...]
</properties>
  <testcase name="ceilingError" classname="pack.TestDabClass" time="0.02"/>
  <testcase name="outSold" classname="pack.TestDabClass" time="0.001"/>
  <testcase name="allTrue" classname="pack.TestDabClass" time="0"/>
</testsuite>